ISim log file
Running: E:\uni\term7\ArchLab\2\halfAdder\halfAdder_isim_beh.exe -intstyle ise -gui -tclbatch isim.cmd -wdb E:/uni/term7/ArchLab/2/halfAdder/halfAdder_isim_beh.wdb 
ISim P.20131013 (signature 0x7708f090)
This is a Full version of ISim.
Time resolution is 1 ps
# onerror resume
# wave add /
# run 1000 ns
Simulator is doing circuit initialization process.
Finished circuit initialization process.
# isim force add /halfAdder/A 1 -radix bin
# isim force add /halfAdder/A 1 -radix bin
# isim force add /halfAdder/B 1 -radix bin
# isim force add /halfAdder/A 1 -radix bin
# isim force add /halfAdder/A 1 -radix bin
# isim force add /halfAdder/A 1 -radix bin
# isim force add /halfAdder/A 1 -radix bin
# isim force add /halfAdder/A 1 -radix bin
# isim force add /halfAdder/A 0 -radix bin
# run all
# restart
# isim force add /halfAdder/A 1 -radix bin
# isim force add /halfAdder/A 1 -radix bin
